# JRE version: OpenJDK Runtime Environment (11.0.10) (build 11.0.10+0-b96-7249189)
# Java VM: OpenJDK 64-Bit Server VM (11.0.10+0-b96-7249189, mixed mode, tiered, compressed oops, g1 gc, windows-amd64)
Heap:
 garbage-first heap   total 260096K, used 181794K [0x0000000080000000, 0x0000000100000000)
  region size 1024K, 23 young (23552K), 7 survivors (7168K)
 Metaspace       used 134641K, capacity 138242K, committed 139776K, reserved 1171456K
  class space    used 16579K, capacity 17895K, committed 18688K, reserved 1048576K
GC Heap History (20 events):
Event: 2757.395 GC heap before
{Heap before GC invocations=54 (full 0):
 garbage-first heap   total 260096K, used 124773K [0x0000000080000000, 0x0000000100000000)
  region size 1024K, 12 young (12288K), 8 survivors (8192K)
 Metaspace       used 133146K, capacity 136569K, committed 138624K, reserved 1169408K
  class space    used 16406K, capacity 17629K, committed 18560K, reserved 1048576K
}
Event: 2757.402 GC heap after
{Heap after GC invocations=55 (full 0):
 garbage-first heap   total 260096K, used 119295K [0x0000000080000000, 0x0000000100000000)
  region size 1024K, 1 young (1024K), 1 survivors (1024K)
 Metaspace       used 133146K, capacity 136569K, committed 138624K, reserved 1169408K
  class space    used 16406K, capacity 17629K, committed 18560K, reserved 1048576K
}
Event: 2757.663 GC heap before
{Heap before GC invocations=55 (full 0):
 garbage-first heap   total 260096K, used 198143K [0x0000000080000000, 0x0000000100000000)
  region size 1024K, 79 young (80896K), 1 survivors (1024K)
 Metaspace       used 133178K, capacity 136633K, committed 138624K, reserved 1169408K
  class space    used 16407K, capacity 17629K, committed 18560K, reserved 1048576K
}
Event: 2757.666 GC heap after
{Heap after GC invocations=56 (full 0):
 garbage-first heap   total 260096K, used 118650K [0x0000000080000000, 0x0000000100000000)
  region size 1024K, 1 young (1024K), 1 survivors (1024K)
 Metaspace       used 133178K, capacity 136633K, committed 138624K, reserved 1169408K
  class space    used 16407K, capacity 17629K, committed 18560K, reserved 1048576K
}
Event: 2757.767 GC heap before
{Heap before GC invocations=56 (full 0):
 garbage-first heap   total 260096K, used 153466K [0x0000000080000000, 0x0000000100000000)
  region size 1024K, 36 young (36864K), 1 survivors (1024K)
 Metaspace       used 133266K, capacity 136779K, committed 138624K, reserved 1169408K
  class space    used 16424K, capacity 17678K, committed 18560K, reserved 1048576K
}
Event: 2757.769 GC heap after
{Heap after GC invocations=57 (full 0):
 garbage-first heap   total 260096K, used 118902K [0x0000000080000000, 0x0000000100000000)
  region size 1024K, 1 young (1024K), 1 survivors (1024K)
 Metaspace       used 133266K, capacity 136779K, committed 138624K, reserved 1169408K
  class space    used 16424K, capacity 17678K, committed 18560K, reserved 1048576K
}
Event: 2757.895 GC heap before
{Heap before GC invocations=58 (full 0):
 garbage-first heap   total 260096K, used 206966K [0x0000000080000000, 0x0000000100000000)
  region size 1024K, 85 young (87040K), 1 survivors (1024K)
 Metaspace       used 134090K, capacity 137746K, committed 139264K, reserved 1169408K
  class space    used 16582K, capacity 17912K, committed 18688K, reserved 1048576K
}
Event: 2757.900 GC heap after
{Heap after GC invocations=59 (full 0):
 garbage-first heap   total 260096K, used 128299K [0x0000000080000000, 0x0000000100000000)
  region size 1024K, 9 young (9216K), 9 survivors (9216K)
 Metaspace       used 134090K, capacity 137746K, committed 139264K, reserved 1169408K
  class space    used 16582K, capacity 17912K, committed 18688K, reserved 1048576K
}
Event: 2757.903 GC heap before
{Heap before GC invocations=59 (full 0):
 garbage-first heap   total 260096K, used 131371K [0x0000000080000000, 0x0000000100000000)
  region size 1024K, 12 young (12288K), 9 survivors (9216K)
 Metaspace       used 134100K, capacity 137815K, committed 139520K, reserved 1169408K
  class space    used 16584K, capacity 17914K, committed 18688K, reserved 1048576K
}
Event: 2757.912 GC heap after
{Heap after GC invocations=60 (full 0):
 garbage-first heap   total 260096K, used 111207K [0x0000000080000000, 0x0000000100000000)
  region size 1024K, 2 young (2048K), 2 survivors (2048K)
 Metaspace       used 134100K, capacity 137815K, committed 139520K, reserved 1169408K
  class space    used 16584K, capacity 17914K, committed 18688K, reserved 1048576K
}
Event: 2758.044 GC heap before
{Heap before GC invocations=60 (full 0):
 garbage-first heap   total 260096K, used 194151K [0x0000000080000000, 0x0000000100000000)
  region size 1024K, 85 young (87040K), 2 survivors (2048K)
 Metaspace       used 134342K, capacity 138007K, committed 139520K, reserved 1169408K
  class space    used 16605K, capacity 17933K, committed 18688K, reserved 1048576K
}
Event: 2758.048 GC heap after
{Heap after GC invocations=61 (full 0):
 garbage-first heap   total 260096K, used 110408K [0x0000000080000000, 0x0000000100000000)
  region size 1024K, 3 young (3072K), 3 survivors (3072K)
 Metaspace       used 134342K, capacity 138007K, committed 139520K, reserved 1169408K
  class space    used 16605K, capacity 17933K, committed 18688K, reserved 1048576K
}
Event: 2758.107 GC heap before
{Heap before GC invocations=61 (full 0):
 garbage-first heap   total 260096K, used 210760K [0x0000000080000000, 0x0000000100000000)
  region size 1024K, 94 young (96256K), 3 survivors (3072K)
 Metaspace       used 134391K, capacity 138017K, committed 139520K, reserved 1169408K
  class space    used 16605K, capacity 17934K, committed 18688K, reserved 1048576K
}
Event: 2758.115 GC heap after
{Heap after GC invocations=62 (full 0):
 garbage-first heap   total 260096K, used 127691K [0x0000000080000000, 0x0000000100000000)
  region size 1024K, 12 young (12288K), 12 survivors (12288K)
 Metaspace       used 134391K, capacity 138017K, committed 139520K, reserved 1169408K
  class space    used 16605K, capacity 17934K, committed 18688K, reserved 1048576K
}
Event: 2758.170 GC heap before
{Heap before GC invocations=62 (full 0):
 garbage-first heap   total 260096K, used 206539K [0x0000000080000000, 0x0000000100000000)
  region size 1024K, 90 young (92160K), 12 survivors (12288K)
 Metaspace       used 134318K, capacity 137904K, committed 139520K, reserved 1169408K
  class space    used 16561K, capacity 17852K, committed 18688K, reserved 1048576K
}
Event: 2758.183 GC heap after
{Heap after GC invocations=63 (full 0):
 garbage-first heap   total 260096K, used 151122K [0x0000000080000000, 0x0000000100000000)
  region size 1024K, 12 young (12288K), 12 survivors (12288K)
 Metaspace       used 134318K, capacity 137904K, committed 139520K, reserved 1169408K
  class space    used 16561K, capacity 17852K, committed 18688K, reserved 1048576K
}
Event: 2758.225 GC heap before
{Heap before GC invocations=64 (full 0):
 garbage-first heap   total 260096K, used 205394K [0x0000000080000000, 0x0000000100000000)
  region size 1024K, 66 young (67584K), 12 survivors (12288K)
 Metaspace       used 134492K, capacity 138109K, committed 139776K, reserved 1171456K
  class space    used 16575K, capacity 17895K, committed 18688K, reserved 1048576K
}
Event: 2758.234 GC heap after
{Heap after GC invocations=65 (full 0):
 garbage-first heap   total 260096K, used 157947K [0x0000000080000000, 0x0000000100000000)
  region size 1024K, 9 young (9216K), 9 survivors (9216K)
 Metaspace       used 134492K, capacity 138109K, committed 139776K, reserved 1171456K
  class space    used 16575K, capacity 17895K, committed 18688K, reserved 1048576K
}
Event: 2758.236 GC heap before
{Heap before GC invocations=65 (full 0):
 garbage-first heap   total 260096K, used 159995K [0x0000000080000000, 0x0000000100000000)
  region size 1024K, 12 young (12288K), 9 survivors (9216K)
 Metaspace       used 134495K, capacity 138109K, committed 139776K, reserved 1171456K
  class space    used 16575K, capacity 17895K, committed 18688K, reserved 1048576K
}
Event: 2758.240 GC heap after
{Heap after GC invocations=66 (full 0):
 garbage-first heap   total 260096K, used 159172K [0x0000000080000000, 0x0000000100000000)
  region size 1024K, 2 young (2048K), 2 survivors (2048K)
 Metaspace       used 134495K, capacity 138109K, committed 139776K, reserved 1171456K
  class space    used 16575K, capacity 17895K, committed 18688K, reserved 1048576K
}

